<?xml version="1.0" encoding="UTF-8"?>
<!-- Generated by org.testng.reporters.JUnitReportReporter -->
<testsuite hostname="Keshri" failures="0" tests="1" name="com.vedanta.Test" time="0.012" errors="0" timestamp="2023-10-06T16:52:24 IST" skipped="0">
  <testcase classname="com.vedanta.Test" name="heman" time="0.012"/>
  <system-out/>
</testsuite> <!-- com.vedanta.Test -->
